\BOOKMARK [0][-]{chapter.1}{\376\377\000L\000e\000c\000t\000u\000r\000e\000\040\0001}{}% 1
\BOOKMARK [1][-]{section.1.1}{\376\377\000O\000p\000e\000n\000\040\000P\000r\000o\000b\000l\000e\000m\000s}{chapter.1}% 2
\BOOKMARK [1][-]{section.1.2}{\376\377\000N\000o\000t\000a\000t\000i\000o\000n}{chapter.1}% 3
\BOOKMARK [1][-]{section.1.3}{\376\377\000D\000i\000v\000i\000s\000i\000b\000i\000l\000i\000t\000y}{chapter.1}% 4
\BOOKMARK [1][-]{section.1.4}{\376\377\000T\000h\000e\000\040\000D\000i\000v\000i\000s\000i\000o\000n\000\040\000A\000l\000g\000o\000r\000i\000t\000h\000m}{chapter.1}% 5
\BOOKMARK [0][-]{chapter.2}{\376\377\000L\000e\000c\000t\000u\000r\000e\000\040\0002}{}% 6
\BOOKMARK [1][-]{section.2.1}{\376\377\000P\000r\000o\000o\000f\000\040\000b\000y\000\040\000C\000o\000n\000t\000r\000a\000d\000i\000c\000t\000i\000o\000n}{chapter.2}% 7
\BOOKMARK [1][-]{section.2.2}{\376\377\000P\000r\000o\000o\000f\000\040\000b\000y\000\040\000I\000n\000d\000u\000c\000t\000i\000o\000n}{chapter.2}% 8
\BOOKMARK [1][-]{section.2.3}{\376\377\000W\000e\000l\000l\000\040\000O\000r\000d\000e\000r\000i\000n\000g\000\040\000P\000r\000i\000n\000c\000i\000p\000l\000e\000\040\000\050\000W\000O\000P\000\051}{chapter.2}% 9
\BOOKMARK [0][-]{chapter.3}{\376\377\000L\000e\000c\000t\000u\000r\000e\000\040\0003}{}% 10
\BOOKMARK [1][-]{section.3.1}{\376\377\000P\000r\000o\000b\000l\000e\000m\000\040\000-\000\040\000D\000i\000o\000p\000h\000a\000n\000t\000i\000n\000e\000\040\000E\000q\000u\000a\000t\000i\000o\000n\000s}{chapter.3}% 11
\BOOKMARK [1][-]{section.3.2}{\376\377\000B\000e\000z\000o\000u\000t\000'\000s\000\040\000T\000h\000e\000o\000r\000e\000m}{chapter.3}% 12
\BOOKMARK [1][-]{section.3.3}{\376\377\000E\000u\000c\000l\000i\000d\000e\000a\000n\000\040\000A\000l\000g\000o\000r\000i\000t\000h\000m}{chapter.3}% 13
\BOOKMARK [0][-]{chapter.4}{\376\377\000L\000e\000c\000t\000u\000r\000e\000\040\0004}{}% 14
\BOOKMARK [1][-]{section.4.1}{\376\377\000B\000e\000z\000o\000u\000t\000,\000\040\000E\000u\000c\000l\000i\000d\000'\000s\000\040\000L\000e\000m\000m\000a}{chapter.4}% 15
\BOOKMARK [1][-]{section.4.2}{\376\377\000P\000r\000i\000m\000e\000\040\000N\000u\000m\000b\000e\000r\000s}{chapter.4}% 16
\BOOKMARK [0][-]{chapter.5}{\376\377\000L\000e\000c\000t\000u\000r\000e\000\040\0005}{}% 17
\BOOKMARK [1][-]{section.5.1}{\376\377\000M\000o\000d\000u\000l\000a\000r\000\040\000C\000o\000n\000g\000r\000u\000e\000n\000c\000e\000s}{chapter.5}% 18
\BOOKMARK [1][-]{section.5.2}{\376\377\000C\000o\000n\000g\000r\000u\000e\000n\000c\000e\000s\000\040\000w\000i\000t\000h\000\040\000U\000n\000k\000n\000o\000w\000n\000s}{chapter.5}% 19
\BOOKMARK [0][-]{chapter.6}{\376\377\000L\000e\000c\000t\000u\000r\000e\000\040\0006}{}% 20
\BOOKMARK [1][-]{section.6.1}{\376\377\000F\000r\000o\000m\000\040\000L\000a\000s\000t\000\040\000T\000i\000m\000e}{chapter.6}% 21
\BOOKMARK [1][-]{section.6.2}{\376\377\000S\000o\000l\000v\000i\000n\000g\000\040\000s\000t\000u\000f\000f}{chapter.6}% 22
\BOOKMARK [0][-]{chapter.7}{\376\377\000L\000e\000c\000t\000u\000r\000e\000\040\0007}{}% 23
\BOOKMARK [1][-]{section.7.1}{\376\377\000L\000a\000s\000t\000\040\000T\000i\000m\000e}{chapter.7}% 24
\BOOKMARK [1][-]{section.7.2}{\376\377\000M\000u\000l\000t\000i\000p\000l\000i\000c\000a\000t\000i\000v\000e\000\040\000I\000n\000v\000e\000r\000s\000e}{chapter.7}% 25
\BOOKMARK [1][-]{section.7.3}{\376\377\000S\000t\000u\000f\000f}{chapter.7}% 26
\BOOKMARK [2][-]{subsection.7.3.1}{\376\377\000F\000e\000r\000m\000a\000t\000'\000s\000\040\000L\000i\000t\000t\000l\000e\000\040\000T\000h\000e\000o\000r\000e\000m}{section.7.3}% 27
\BOOKMARK [2][-]{subsection.7.3.2}{\376\377\000E\000x\000a\000m\000p\000l\000e}{section.7.3}% 28
\BOOKMARK [2][-]{subsection.7.3.3}{\376\377\000P\000r\000i\000m\000a\000l\000i\000t\000y\000\040\000T\000e\000s\000t}{section.7.3}% 29
\BOOKMARK [0][-]{chapter.8}{\376\377\000L\000e\000c\000t\000u\000r\000e\000\040\0008}{}% 30
\BOOKMARK [1][-]{section.8.1}{\376\377\000L\000a\000s\000t\000\040\000T\000i\000m\000e}{chapter.8}% 31
\BOOKMARK [2][-]{subsection.8.1.1}{\376\377\000F\000e\000r\000m\000a\000t\000'\000s\000\040\000L\000i\000t\000t\000l\000e\000\040\000T\000h\000e\000o\000r\000e\000m}{section.8.1}% 32
\BOOKMARK [1][-]{section.8.2}{\376\377\000G\000e\000n\000e\000r\000a\000l\000i\000z\000a\000t\000i\000o\000n\000\040\000t\000o\000\040\000c\000o\000m\000p\000o\000s\000i\000t\000e\000\040\000m\000o\000d\000u\000l\000u\000s}{chapter.8}% 33
\BOOKMARK [2][-]{subsection.8.2.1}{\376\377\000E\000u\000l\000e\000r\000\040\000T\000o\000t\000i\000e\000n\000t\000\040\000F\000u\000n\000c\000t\000i\000o\000n\000\040\000\050\000E\000u\000l\000e\000r\000'\000s\000\040\000P\000h\000i\000\040\000F\000u\000n\000c\000t\000i\000o\000n\000\051}{section.8.2}% 34
\BOOKMARK [2][-]{subsection.8.2.2}{\376\377\000E\000u\000l\000e\000r\000'\000s\000\040\000T\000h\000e\000o\000r\000e\000m}{section.8.2}% 35
\BOOKMARK [2][-]{subsection.8.2.3}{\376\377\000M\000o\000r\000e\000\040\000o\000n\000\040}{section.8.2}% 36
\BOOKMARK [2][-]{subsection.8.2.4}{\376\377\000C\000h\000i\000n\000e\000s\000e\000\040\000R\000e\000m\000a\000i\000n\000d\000e\000r\000\040\000T\000h\000e\000o\000r\000e\000m}{section.8.2}% 37
\BOOKMARK [0][-]{chapter.9}{\376\377\000L\000e\000c\000t\000u\000r\000e\000\040\0009}{}% 38
\BOOKMARK [1][-]{section.9.1}{\376\377\000L\000a\000s\000t\000\040\000T\000i\000m\000e}{chapter.9}% 39
\BOOKMARK [0][-]{chapter.10}{\376\377\000L\000e\000c\000t\000u\000r\000e\000\040\0001\0000}{}% 40
\BOOKMARK [1][-]{section.10.1}{\376\377\000S\000o\000m\000e\000\040\000m\000o\000r\000e\000\040\000p\000r\000o\000p\000e\000r\000t\000i\000e\000s\000\040\000o\000f\000\040\000p\000r\000i\000m\000e\000s}{chapter.10}% 41
\BOOKMARK [1][-]{section.10.2}{\376\377\000W\000i\000l\000s\000o\000n\000'\000s\000\040\000T\000h\000e\000o\000r\000e\000m}{chapter.10}% 42
\BOOKMARK [1][-]{section.10.3}{\376\377\000R\000e\000v\000i\000e\000w}{chapter.10}% 43
\BOOKMARK [0][-]{chapter.11}{\376\377\000L\000e\000c\000t\000u\000r\000e\000\040\0001\0001}{}% 44
\BOOKMARK [1][-]{section.11.1}{}{chapter.11}% 45
\BOOKMARK [0][-]{chapter.12}{\376\377\000L\000e\000c\000t\000u\000r\000e\000\040\0001\0002}{}% 46
\BOOKMARK [1][-]{section.12.1}{\376\377\000M\000i\000s\000c\000e\000l\000l\000a\000n\000e\000o\000u\000s}{chapter.12}% 47
\BOOKMARK [2][-]{subsection.12.1.1}{\376\377\000L\000e\000a\000s\000t\000\040\000C\000o\000m\000m\000o\000n\000\040\000M\000u\000l\000t\000i\000p\000l\000e}{section.12.1}% 48
\BOOKMARK [2][-]{subsection.12.1.2}{\376\377\000M\000o\000r\000e\000\040\000a\000b\000o\000u\000t\000\040\000\040\000\050\000a\000n\000d\000\040\000n\000u\000m\000b\000e\000r\000-\000t\000h\000e\000o\000r\000e\000t\000i\000c\000\040\000f\000u\000n\000c\000t\000i\000o\000n\000s\000\051}{section.12.1}% 49
\BOOKMARK [2][-]{subsection.12.1.3}{\376\377\000L\000a\000g\000r\000a\000n\000g\000e\000'\000s\000\040\000T\000h\000e\000o\000r\000e\000m}{section.12.1}% 50
\BOOKMARK [1][-]{section.12.2}{\376\377\000O\000r\000d\000e\000r}{chapter.12}% 51
\BOOKMARK [2][-]{subsection.12.2.1}{}{section.12.2}% 52
\BOOKMARK [0][-]{chapter.13}{\376\377\000L\000e\000c\000t\000u\000r\000e\000\040\0001\0003}{}% 53
\BOOKMARK [1][-]{section.13.1}{}{chapter.13}% 54
\BOOKMARK [0][-]{chapter.14}{\376\377\000L\000e\000c\000t\000u\000r\000e\000\040\0001\0004}{}% 55
\BOOKMARK [1][-]{section.14.1}{\376\377\000R\000e\000c\000a\000p}{chapter.14}% 56
\BOOKMARK [1][-]{section.14.2}{\376\377\000A\000l\000l\000\040\000p\000r\000i\000m\000e\000s\000\040\000h\000a\000v\000e\000\040\000a\000\040\000p\000r\000i\000m\000i\000t\000i\000v\000e\000\040\000r\000o\000o\000t}{chapter.14}% 57
\BOOKMARK [1][-]{section.14.3}{\376\377\000I\000n\000d\000e\000x}{chapter.14}% 58
